[0.998s] Invoking command in '/home/tparu001k/metr4202_ws/src/m4202_py_pkg': PYTHONPATH=/home/tparu001k/metr4202_ws/build/m4202_py_pkg/prefix_override:/usr/lib/python3/dist-packages/colcon_core/task/python/colcon_distutils_commands:/home/tparu001k/metr4202_ws/install/m4202_py_pkg/lib/python3.10/site-packages:${PYTHONPATH} /usr/bin/python3 -W ignore:setup.py install is deprecated setup.py egg_info --egg-base ../../build/m4202_py_pkg build --build-base /home/tparu001k/metr4202_ws/build/m4202_py_pkg/build install --record /home/tparu001k/metr4202_ws/build/m4202_py_pkg/install.log --single-version-externally-managed install_data
[1.254s] running egg_info
[1.256s] creating ../../build/m4202_py_pkg/m4202_py_pkg.egg-info
[1.256s] writing ../../build/m4202_py_pkg/m4202_py_pkg.egg-info/PKG-INFO
[1.256s] writing dependency_links to ../../build/m4202_py_pkg/m4202_py_pkg.egg-info/dependency_links.txt
[1.257s] writing entry points to ../../build/m4202_py_pkg/m4202_py_pkg.egg-info/entry_points.txt
[1.257s] writing requirements to ../../build/m4202_py_pkg/m4202_py_pkg.egg-info/requires.txt
[1.257s] writing top-level names to ../../build/m4202_py_pkg/m4202_py_pkg.egg-info/top_level.txt
[1.258s] writing manifest file '../../build/m4202_py_pkg/m4202_py_pkg.egg-info/SOURCES.txt'
[1.260s] reading manifest file '../../build/m4202_py_pkg/m4202_py_pkg.egg-info/SOURCES.txt'
[1.261s] writing manifest file '../../build/m4202_py_pkg/m4202_py_pkg.egg-info/SOURCES.txt'
[1.261s] running build
[1.261s] running build_py
[1.262s] creating /home/tparu001k/metr4202_ws/build/m4202_py_pkg/build
[1.262s] creating /home/tparu001k/metr4202_ws/build/m4202_py_pkg/build/lib
[1.262s] creating /home/tparu001k/metr4202_ws/build/m4202_py_pkg/build/lib/m4202_py_pkg
[1.262s] copying m4202_py_pkg/__init__.py -> /home/tparu001k/metr4202_ws/build/m4202_py_pkg/build/lib/m4202_py_pkg
[1.262s] running install
[1.263s] running install_lib
[1.264s] creating /home/tparu001k/metr4202_ws/install/m4202_py_pkg/lib/python3.10/site-packages/m4202_py_pkg
[1.264s] copying /home/tparu001k/metr4202_ws/build/m4202_py_pkg/build/lib/m4202_py_pkg/__init__.py -> /home/tparu001k/metr4202_ws/install/m4202_py_pkg/lib/python3.10/site-packages/m4202_py_pkg
[1.264s] byte-compiling /home/tparu001k/metr4202_ws/install/m4202_py_pkg/lib/python3.10/site-packages/m4202_py_pkg/__init__.py to __init__.cpython-310.pyc
[1.265s] running install_data
[1.265s] creating /home/tparu001k/metr4202_ws/install/m4202_py_pkg/share/ament_index
[1.265s] creating /home/tparu001k/metr4202_ws/install/m4202_py_pkg/share/ament_index/resource_index
[1.266s] creating /home/tparu001k/metr4202_ws/install/m4202_py_pkg/share/ament_index/resource_index/packages
[1.266s] copying resource/m4202_py_pkg -> /home/tparu001k/metr4202_ws/install/m4202_py_pkg/share/ament_index/resource_index/packages
[1.266s] copying package.xml -> /home/tparu001k/metr4202_ws/install/m4202_py_pkg/share/m4202_py_pkg
[1.266s] running install_egg_info
[1.268s] Copying ../../build/m4202_py_pkg/m4202_py_pkg.egg-info to /home/tparu001k/metr4202_ws/install/m4202_py_pkg/lib/python3.10/site-packages/m4202_py_pkg-0.0.0-py3.10.egg-info
[1.268s] running install_scripts
[1.289s] writing list of installed files to '/home/tparu001k/metr4202_ws/build/m4202_py_pkg/install.log'
[1.310s] Invoked command in '/home/tparu001k/metr4202_ws/src/m4202_py_pkg' returned '0': PYTHONPATH=/home/tparu001k/metr4202_ws/build/m4202_py_pkg/prefix_override:/usr/lib/python3/dist-packages/colcon_core/task/python/colcon_distutils_commands:/home/tparu001k/metr4202_ws/install/m4202_py_pkg/lib/python3.10/site-packages:${PYTHONPATH} /usr/bin/python3 -W ignore:setup.py install is deprecated setup.py egg_info --egg-base ../../build/m4202_py_pkg build --build-base /home/tparu001k/metr4202_ws/build/m4202_py_pkg/build install --record /home/tparu001k/metr4202_ws/build/m4202_py_pkg/install.log --single-version-externally-managed install_data
